Arguments: 
  /Users/changyh/.nvm/versions/node/v10.14.0/bin/node /usr/local/bin/yarn add

PATH: 
  /Users/changyh/.nvm/versions/node/v10.14.0/bin:/Users/changyh/Library/Android/sdk/platform-tools/:/usr/local/bin:/usr/bin:/bin:/usr/sbin:/sbin:/Applications/Wireshark.app/Contents/MacOS:/Users/changyh/Fogcloud/SmartPlus/ha_web_developer_server/node_modules/.bin

Yarn version: 
  1.9.2

Node version: 
  10.14.0

Platform: 
  darwin x64

Trace: 
  SyntaxError: /Users/changyh/Fogcloud/SmartPlus/ha_web_developer_server/package.json: Unexpected token , in JSON at position 911
      at JSON.parse (<anonymous>)
      at /usr/local/lib/node_modules/yarn/lib/cli.js:1130:59
      at Generator.next (<anonymous>)
      at step (/usr/local/lib/node_modules/yarn/lib/cli.js:92:30)
      at /usr/local/lib/node_modules/yarn/lib/cli.js:103:13

npm manifest: 
  {
    "name": "ha_web_developer_server",
    "version": "1.0.0",
    "description": "none",
    "main": "server.js",
    "scripts": {
      "test": "echo \"Error: no test specified\" && exit 1",
      "start": "node server.js"
    },
    "dependencies": {
      "koa": "^2.7.0",
      "koa-body": "^4.1.0",
      "koa-multer": "^1.0.2",
      "koa-router": "^7.4.0",
      "koa-static": "^5.0.0",
      "koa2-cors": "^2.0.6",
      "fs": "^0.0.1-security",
      "fs-extra": "7.0.1",
      "ws": "^6.2.0"
    },
    "devDependencies": {
      "@babel/core": "^7.3.4",
      "@babel/plugin-proposal-class-properties": "^7.3.4",
      "@babel/plugin-proposal-decorators": "^7.3.0",
      "@babel/preset-env": "^7.3.4",
      "babel-plugin-transform-decorators-legacy": "^1.3.5",
      "babel-preset-es2015": "^6.24.1",
      "babel-preset-stage-1": "^6.24.1",
      "customize-cra": "^0.2.12",
      "react-app-rewired": "^2.1.0"
    },
    "author": "",
    "license": "ISC"
  },

yarn manifest: 
  No manifest

Lockfile: 
  No lockfile
